number,value,datetime_start,datetime_complete,duration,params_lambda_A,params_lambda_B,params_lambda_C,params_non_negative,params_rank,user_attrs_explained_variance,user_attrs_final_loss,user_attrs_sparsity_A,user_attrs_sparsity_B,user_attrs_sparsity_C,state
88,14.4071153194797,2025-10-16 08:25:55.599839,2025-10-16 08:25:55.890444,0 days 00:00:00.290605,0.003464074934463693,0.27806734931552274,0.0012517500026353228,True,26,0.051077272608749946,2979920.5329345292,0.7692307692307693,0.7692307692307693,0.7692307692307693,COMPLETE
89,15.592048468109,2025-10-16 08:25:55.891438,2025-10-16 08:25:56.315899,0 days 00:00:00.424461,0.026412565821738447,0.21677956747590799,0.09377005702439416,True,29,0.0626685209618717,2943550.0331986607,0.7586206896551724,0.7586206896551724,0.7586206896551724,COMPLETE
90,7.702411290712876,2025-10-16 08:25:56.316892,2025-10-16 08:25:56.601205,0 days 00:00:00.284313,0.0008016365396662871,0.811341733881362,0.18713778689838095,True,25,0.0,3140314.2646988425,1.0,1.0,1.0,COMPLETE
91,18.992804982151714,2025-10-16 08:25:56.602221,2025-10-16 08:25:57.138688,0 days 00:00:00.536467,0.016003528709477955,0.5444384031724905,0.03640258529267616,True,30,0.04683490225779041,2993268.7300799503,0.6333333333333333,0.6333333333333333,0.6333333333333333,COMPLETE
92,7.702411290712876,2025-10-16 08:25:57.139704,2025-10-16 08:25:57.539390,0 days 00:00:00.399686,0.0056218209168558755,0.6366110826933181,0.0632980719116021,True,28,0.0,3140314.2646988425,1.0,1.0,1.0,COMPLETE
93,12.02210808803982,2025-10-16 08:25:57.540367,2025-10-16 08:25:57.940605,0 days 00:00:00.400238,0.0005068952575351023,0.4160601423928182,0.2888571735494726,True,27,0.027264789198421457,3054717.339619021,0.8518518518518519,0.8518518518518519,0.8518518518518519,COMPLETE
94,7.702411290712876,2025-10-16 08:25:57.941466,2025-10-16 08:25:58.353490,0 days 00:00:00.412024,0.00814758013913939,0.8435594946569757,0.00013978122483368087,True,29,0.0,3140314.2646988425,1.0,1.0,1.0,COMPLETE
95,7.702411290712876,2025-10-16 08:25:58.354500,2025-10-16 08:25:58.753709,0 days 00:00:00.399209,0.01235337242848547,0.9854879445406823,0.0018337432308381811,True,28,0.0,3140314.2646988425,1.0,1.0,1.0,COMPLETE
96,7.702411290712876,2025-10-16 08:25:58.754701,2025-10-16 08:25:59.280889,0 days 00:00:00.526188,0.004309557114685113,0.6164066994882925,0.11409480914141784,True,30,0.0,3140314.2646988425,1.0,1.0,1.0,COMPLETE
97,15.405266708083769,2025-10-16 08:25:59.281899,2025-10-16 08:25:59.707153,0 days 00:00:00.425254,0.0015994631526042925,0.3327026145566166,0.4309146009765499,True,29,0.054021888449607314,2970733.1779620135,0.7586206896551724,0.7586206896551724,0.7586206896551724,COMPLETE
98,10.864846727267931,2025-10-16 08:25:59.708148,2025-10-16 08:25:59.998670,0 days 00:00:00.290522,0.0027865119502672887,0.47634398324957056,0.6053103536005864,True,16,0.016885378527336292,3087318.0310650826,0.8125,0.8125,0.8125,COMPLETE
99,7.702411290712876,2025-10-16 08:25:59.999941,2025-10-16 08:26:00.270906,0 days 00:00:00.270965,0.018556489315822426,0.7190810423979014,0.22679695624884716,True,19,0.0,3140314.2646988425,1.0,1.0,1.0,COMPLETE
