number,value,datetime_start,datetime_complete,duration,params_lambda_A,params_lambda_B,params_lambda_C,params_non_negative,params_rank,user_attrs_explained_variance,user_attrs_final_loss,user_attrs_sparsity_A,user_attrs_sparsity_B,user_attrs_sparsity_C,state
0,9.91927074157517,2025-10-16 08:25:27.882827,2025-10-16 08:25:28.056245,0 days 00:00:00.173418,0.6351221010640696,0.08471801418819976,0.024810409748678097,True,14,0.01819095606520149,3083304.0657042265,0.8571428571428571,0.8571428571428571,0.8571428571428571,COMPLETE
1,13.40153897664898,2025-10-16 08:25:28.057263,2025-10-16 08:25:28.138186,0 days 00:00:00.080923,0.29154431891537513,0.02537815508265665,0.06796578090758151,False,5,0.049560558860175075,2984819.6861432497,0.0,0.0,0.0,COMPLETE
2,37.931969759404275,2025-10-16 08:25:28.139010,2025-10-16 08:25:28.493903,0 days 00:00:00.354893,0.0007068974950624604,0.000533703276260396,0.0005415244119402539,False,26,0.2594610570725904,2325527.0946044195,0.0,0.0,0.0,COMPLETE
3,25.08601058074366,2025-10-16 08:25:28.494858,2025-10-16 08:25:28.653310,0 days 00:00:00.158452,0.0014618962793704966,0.0280163515871626,0.0003613894271216529,False,15,0.1521043687038941,2662661.626303435,0.0,0.0,0.0,COMPLETE
4,11.163634949007252,2025-10-16 08:25:28.654243,2025-10-16 08:25:28.867744,0 days 00:00:00.213501,0.13826232179369857,0.0006290644294586153,0.011400863701127324,True,16,0.03120804414240219,3042349.944051097,0.8125,0.8125,0.8125,COMPLETE
5,12.323014419088114,2025-10-16 08:25:28.868676,2025-10-16 08:25:29.138602,0 days 00:00:00.269926,0.00048094619675015767,0.00018205657658407274,0.6245139574743068,True,20,0.041116754068442174,3011260.3853731607,0.8,0.8,0.8,COMPLETE
6,21.565007833488547,2025-10-16 08:25:29.139515,2025-10-16 08:25:29.268459,0 days 00:00:00.128944,0.00024586032763280086,0.054567254856014755,0.005762487216478602,False,12,0.12074871602453063,2761128.56634142,0.0,0.0,0.0,COMPLETE
7,12.231858595297059,2025-10-16 08:25:29.269396,2025-10-16 08:25:29.332881,0 days 00:00:00.063485,0.43379206974909373,0.0010842262717330165,0.04467752817973906,False,4,0.039315669204464165,3017011.775000101,0.0,0.0,0.0,COMPLETE
8,7.702411290712876,2025-10-16 08:25:29.333695,2025-10-16 08:25:29.520350,0 days 00:00:00.186655,0.0005488047000766049,0.755681014127442,0.12604664585649453,True,18,0.0,3140314.2646988425,1.0,1.0,1.0,COMPLETE
9,30.27767484793075,2025-10-16 08:25:29.521264,2025-10-16 08:25:29.852339,0 days 00:00:00.331075,0.48696409415208936,0.00022592797420156976,0.0006080390190296605,False,20,0.18725887959906362,2553139.519691664,0.0,0.0,0.0,COMPLETE
10,7.702411290712876,2025-10-16 08:25:29.853262,2025-10-16 08:25:30.245375,0 days 00:00:00.392113,0.00782184644489916,0.7553503645583184,0.5997863556602815,True,29,0.0,3140314.2646988425,1.0,1.0,1.0,COMPLETE
11,7.702411290712876,2025-10-16 08:25:30.246307,2025-10-16 08:25:30.625810,0 days 00:00:00.379503,0.01152597508263691,0.8839094438875608,0.7169219063367045,True,28,0.0,3140314.2646988425,1.0,1.0,1.0,COMPLETE
12,7.702411290712876,2025-10-16 08:25:30.626749,2025-10-16 08:25:31.126862,0 days 00:00:00.500113,0.005751707844202112,0.6697376781283138,0.1711941591483064,True,30,0.0,3140314.2646988425,1.0,1.0,1.0,COMPLETE
13,14.419925492891778,2025-10-16 08:25:31.127863,2025-10-16 08:25:31.381788,0 days 00:00:00.253925,0.026837193414400193,0.25041198927005687,0.20160609828133647,True,24,0.05178773394241565,2977728.5415696623,0.75,0.75,0.75,COMPLETE
14,11.182859773230964,2025-10-16 08:25:31.382738,2025-10-16 08:25:31.489201,0 days 00:00:00.106463,0.00012748888933395585,0.003265509226695849,0.18781323389598886,True,9,0.03160871080601191,3041068.130514237,0.6666666666666666,0.6666666666666666,0.6666666666666666,COMPLETE
15,10.997196851341496,2025-10-16 08:25:31.490143,2025-10-16 08:25:31.844035,0 days 00:00:00.353892,0.002507752044857025,0.31327657894882527,0.9057268923024396,True,21,0.023044647005272423,3068002.120370005,0.8571428571428571,0.8571428571428571,0.8571428571428571,COMPLETE
16,14.531369814494486,2025-10-16 08:25:31.844970,2025-10-16 08:25:32.100404,0 days 00:00:00.255434,0.03303111276278625,0.15574290892508183,0.0025862000456164697,True,24,0.05691067623509105,2961616.9866349706,0.75,0.75,0.75,COMPLETE
17,8.860229829229166,2025-10-16 08:25:32.101341,2025-10-16 08:25:32.216772,0 days 00:00:00.115431,0.003844180704394389,0.012001686164551854,0.2668178233993521,True,10,0.01048920685961019,3107382.3113128836,0.9,0.9,0.9,COMPLETE
18,12.330409977605488,2025-10-16 08:25:32.217707,2025-10-16 08:25:32.409035,0 days 00:00:00.191328,0.06923342300040311,0.004579588598371669,0.07373692003558777,True,18,0.04176173674239381,3009202.4855135577,0.7777777777777778,0.7777777777777778,0.7777777777777778,COMPLETE
19,7.702411290712876,2025-10-16 08:25:32.409948,2025-10-16 08:25:32.811260,0 days 00:00:00.401312,0.011424502475070332,0.7534933229670142,0.00011065136021091021,True,30,0.0,3140314.2646988425,1.0,1.0,1.0,COMPLETE
20,15.72945212488288,2025-10-16 08:25:32.812201,2025-10-16 08:25:33.060389,0 days 00:00:00.248188,0.0013978658013325288,0.11072448678802875,0.020860444459961155,True,23,0.06872170958939738,2924512.4202394243,0.6956521739130435,0.6956521739130435,0.6956521739130435,COMPLETE
21,7.702411290712876,2025-10-16 08:25:33.061330,2025-10-16 08:25:33.430996,0 days 00:00:00.369666,0.008686865419501416,0.9552243923232476,0.6178449911287014,True,27,0.0,3140314.2646988425,1.0,1.0,1.0,COMPLETE
22,14.25441962188506,2025-10-16 08:25:33.431937,2025-10-16 08:25:33.809979,0 days 00:00:00.378042,0.015216177542255406,0.3682823087479855,0.3641424562421856,True,28,0.044148811058315696,3001726.337763154,0.7857142857142857,0.7857142857142857,0.7857142857142857,COMPLETE
23,11.93470491873419,2025-10-16 08:25:33.810920,2025-10-16 08:25:34.273609,0 days 00:00:00.462689,0.056105382606156606,0.4471215250907212,0.9918005895525797,True,28,0.023355623899610656,3067052.720872024,0.8571428571428571,0.8571428571428571,0.8571428571428571,COMPLETE
24,14.519596175255312,2025-10-16 08:25:34.274564,2025-10-16 08:25:34.548043,0 days 00:00:00.273479,0.0006336522743157443,0.17180167160471832,0.09045267503127573,True,26,0.05618475379575416,2963891.6239187405,0.7692307692307693,0.7692307692307693,0.7692307692307693,COMPLETE
25,7.702411290712876,2025-10-16 08:25:34.548975,2025-10-16 08:25:34.847609,0 days 00:00:00.298634,0.0020597175059583485,0.8405753359041572,0.37670819502931896,True,22,0.0,3140314.2646988425,1.0,1.0,1.0,COMPLETE
26,12.056497791050809,2025-10-16 08:25:34.848556,2025-10-16 08:25:35.040484,0 days 00:00:00.191928,0.020217288216278686,0.39191606617531327,0.1119876399575546,True,18,0.028914157490036008,3049533.0727682123,0.7777777777777778,0.7777777777777778,0.7777777777777778,COMPLETE
27,20.37693747678954,2025-10-16 08:25:35.041423,2025-10-16 08:25:35.446575,0 days 00:00:00.405152,0.00010800482900554439,0.04251650563590359,0.40277102115563174,True,30,0.10953879350578843,2796443.5297111906,0.6333333333333333,0.6333333333333333,0.6333333333333333,COMPLETE
28,14.491912943733603,2025-10-16 08:25:35.447502,2025-10-16 08:25:35.711268,0 days 00:00:00.263766,0.005913877930777845,0.20015668643827006,0.045718387513843536,True,25,0.054955149212017496,2967749.5842142063,0.76,0.76,0.76,COMPLETE
29,12.259785814371917,2025-10-16 08:25:35.712184,2025-10-16 08:25:35.853602,0 days 00:00:00.141418,0.15059863513309535,0.10337667684888936,0.01557318063896172,True,12,0.03887310473092831,3018297.705441056,0.6666666666666666,0.6666666666666666,0.6666666666666666,COMPLETE
30,11.153448552569126,2025-10-16 08:25:35.854561,2025-10-16 08:25:35.953573,0 days 00:00:00.099012,0.0003022852418669405,0.08813985910837592,0.005246845012264985,True,8,0.03025470078562542,3045305.940863558,0.625,0.625,0.625,COMPLETE
31,7.702411290712876,2025-10-16 08:25:35.954398,2025-10-16 08:25:36.451336,0 days 00:00:00.496938,0.004756662549199691,0.6665849665132884,0.17813256299118949,True,30,0.0,3140314.2646988425,1.0,1.0,1.0,COMPLETE
32,13.937715267904306,2025-10-16 08:25:36.452272,2025-10-16 08:25:36.831464,0 days 00:00:00.379192,0.008846733308279646,0.5223376281200467,0.03627187721863262,True,28,0.029398563589890014,3048006.520997727,0.7857142857142857,0.7857142857142857,0.7857142857142857,COMPLETE
33,7.702411290712876,2025-10-16 08:25:36.832295,2025-10-16 08:25:37.139871,0 days 00:00:00.307576,0.0009945556840825593,0.9202694747785678,0.14456187515898158,True,29,0.0,3140314.2646988425,1.0,1.0,1.0,COMPLETE
34,33.194953037603625,2025-10-16 08:25:37.140816,2025-10-16 08:25:37.497287,0 days 00:00:00.356471,0.0038364150186191086,0.2888805332344143,0.5624646678532733,False,26,0.17959820619052314,2576606.7037939546,0.11538461538461539,0.11538461538461539,0.11538461538461539,COMPLETE
35,11.877868413837776,2025-10-16 08:25:37.498240,2025-10-16 08:25:37.869238,0 days 00:00:00.370998,0.03381177152383052,0.5063166491716194,0.32039237557244943,True,27,0.02060731799632609,3075633.474786577,0.8518518518518519,0.8518518518518519,0.8518518518518519,COMPLETE
36,23.923016071869945,2025-10-16 08:25:37.870174,2025-10-16 08:25:38.029252,0 days 00:00:00.159078,0.0027060769111988715,0.02052447999033456,0.108644413749255,False,14,0.14220166673175005,2693800.8021399705,0.0,0.0,0.0,COMPLETE
37,14.588777473857384,2025-10-16 08:25:38.030165,2025-10-16 08:25:38.372725,0 days 00:00:00.342560,0.007398515665034275,0.05698581519024479,0.5651352119267025,True,25,0.05936844906478367,2953969.2936107474,0.76,0.76,0.76,COMPLETE
38,11.066703903036125,2025-10-16 08:25:38.373657,2025-10-16 08:25:38.469962,0 days 00:00:00.096305,0.0014156313951346191,0.19324693679480404,0.945112740519758,False,6,0.026256923758714024,3057923.6961246836,0.5,0.5,0.5,COMPLETE
39,7.702411290712876,2025-10-16 08:25:38.470782,2025-10-16 08:25:38.858309,0 days 00:00:00.387527,0.013918970121871436,0.5945357193954297,0.059077682475768556,True,29,0.0,3140314.2646988425,1.0,1.0,1.0,COMPLETE
40,30.53716243996929,2025-10-16 08:25:38.859244,2025-10-16 08:25:39.176223,0 days 00:00:00.316979,0.0004114412157967232,0.12712036134256907,0.23762634780232547,False,20,0.18553870450376708,2557786.6010510637,0.0,0.0,0.0,COMPLETE
41,7.702411290712876,2025-10-16 08:25:39.177167,2025-10-16 08:25:39.670104,0 days 00:00:00.492937,0.01392646946320707,0.6442648339007867,0.0002690793124588626,True,30,0.0,3140314.2646988425,1.0,1.0,1.0,COMPLETE
42,7.702411290712876,2025-10-16 08:25:39.671044,2025-10-16 08:25:40.063613,0 days 00:00:00.392569,0.054123079865322186,0.8726317095919451,0.00011458422209579283,True,29,0.0,3140314.2646988425,1.0,1.0,1.0,COMPLETE
43,12.089143480743413,2025-10-16 08:25:40.064574,2025-10-16 08:25:40.429834,0 days 00:00:00.365260,0.1160789381682145,0.3516872326378421,0.0012671298290049629,True,27,0.030749919469698517,3043794.8131517908,0.8518518518518519,0.8518518518518519,0.8518518518518519,COMPLETE
44,20.0567168822205,2025-10-16 08:25:40.430774,2025-10-16 08:25:40.842134,0 days 00:00:00.411360,0.02146620338378346,0.2450386714094701,0.00541912112655133,True,30,0.09555557209134691,2840267.3603398814,0.6333333333333333,0.6333333333333333,0.6333333333333333,COMPLETE
45,13.891073846313365,2025-10-16 08:25:40.843069,2025-10-16 08:25:41.169832,0 days 00:00:00.326763,0.011955770427101041,0.5365962012017482,0.0001100002711964987,True,24,0.027157490867582457,3055043.3165303953,0.75,0.75,0.75,COMPLETE
46,13.512796900821591,2025-10-16 08:25:41.170775,2025-10-16 08:25:41.337888,0 days 00:00:00.167113,0.00568207766416622,0.002394739752960539,0.0011983161343563638,True,15,0.05286337140445474,2974309.44946819,0.6666666666666666,0.6666666666666666,0.6666666666666666,COMPLETE
47,14.385280823465715,2025-10-16 08:25:41.338821,2025-10-16 08:25:41.717056,0 days 00:00:00.378235,0.00019297355872959033,0.287194512068423,0.16492015572273577,True,28,0.05006461846533361,2983119.8222261895,0.7857142857142857,0.7857142857142857,0.7857142857142857,COMPLETE
48,14.589433024362094,2025-10-16 08:25:41.717910,2025-10-16 08:25:42.059528,0 days 00:00:00.341618,0.000987509378450424,0.06361176702246522,0.5108648506283376,True,25,0.05935932144005618,2953986.237310403,0.76,0.76,0.76,COMPLETE
49,7.702411290712876,2025-10-16 08:25:42.060457,2025-10-16 08:25:42.372535,0 days 00:00:00.312078,0.0031868229082082943,0.7060511236142365,0.031164014938860073,False,23,0.0,3140314.2646988425,1.0,1.0,1.0,COMPLETE
50,7.702411290712876,2025-10-16 08:25:42.373484,2025-10-16 08:25:42.737699,0 days 00:00:00.364215,0.03802544950289038,0.9357919338705497,0.008278699652681593,True,27,0.0,3140314.2646988425,1.0,1.0,1.0,COMPLETE
51,7.702411290712876,2025-10-16 08:25:42.738637,2025-10-16 08:25:43.129830,0 days 00:00:00.391193,0.9702623759258517,0.9586570849364209,0.6239878027747205,True,29,0.0,3140314.2646988425,1.0,1.0,1.0,COMPLETE
52,14.125074000503421,2025-10-16 08:25:43.130763,2025-10-16 08:25:43.483749,0 days 00:00:00.352986,0.009174155038684106,0.4452807932868869,0.26042577783587767,True,26,0.03816613353357845,3020495.612203455,0.7692307692307693,0.7692307692307693,0.7692307692307693,COMPLETE
53,12.31665071272732,2025-10-16 08:25:43.484705,2025-10-16 08:25:43.853815,0 days 00:00:00.369110,0.022297159364709593,0.000122339319170651,0.6471536851980759,True,27,0.040917463360565454,3011896.248476937,0.8518518518518519,0.8518518518518519,0.8518518518518519,COMPLETE
54,20.437222277814218,2025-10-16 08:25:43.854762,2025-10-16 08:25:44.266337,0 days 00:00:00.411575,0.002182612028671096,0.0005874957066385832,0.41100944952421026,True,30,0.11221965324938732,2788031.372779717,0.6333333333333333,0.6333333333333333,0.6333333333333333,COMPLETE
55,13.142178900006481,2025-10-16 08:25:44.267310,2025-10-16 08:25:44.646525,0 days 00:00:00.379215,0.007021601987749822,0.35796282336451163,0.8714440623369312,True,28,0.03590192793211899,3027656.91617429,0.8214285714285714,0.8214285714285714,0.8214285714285714,COMPLETE
56,13.319296686266188,2025-10-16 08:25:44.647397,2025-10-16 08:25:44.851092,0 days 00:00:00.203695,0.009667039650528148,0.22942468333143828,0.2804858578539912,True,19,0.04404516110055723,3002036.5537244524,0.7368421052631579,0.7368421052631579,0.7368421052631579,COMPLETE
57,21.392846473449225,2025-10-16 08:25:44.852024,2025-10-16 08:25:45.087220,0 days 00:00:00.235196,0.01707569218224427,0.13973419172472296,0.06467991729781217,True,22,0.1133773643783581,2784314.436955544,0.45454545454545453,0.45454545454545453,0.45454545454545453,COMPLETE
58,7.702411290712876,2025-10-16 08:25:45.088174,2025-10-16 08:25:45.481577,0 days 00:00:00.393403,0.004661306217339234,0.9975375683267106,0.0033101676735387236,True,29,0.0,3140314.2646988425,1.0,1.0,1.0,COMPLETE
59,14.622532920808695,2025-10-16 08:25:45.482554,2025-10-16 08:25:45.721121,0 days 00:00:00.238567,0.0017109817788444985,0.0003263906431720573,0.7549679623511959,True,17,0.06086527452387336,2949296.8945282935,0.6470588235294118,0.6470588235294118,0.6470588235294118,COMPLETE
60,12.337533866356377,2025-10-16 08:25:45.722064,2025-10-16 08:25:45.857730,0 days 00:00:00.135666,0.027003696156245052,0.006649150054778909,0.1253442484135517,True,12,0.0418965835857934,3008769.149095757,0.6666666666666666,0.6666666666666666,0.6666666666666666,COMPLETE
61,7.702411290712876,2025-10-16 08:25:45.858646,2025-10-16 08:25:46.146717,0 days 00:00:00.288071,0.0006849905332388105,0.7013540331395108,0.4213384102686047,True,21,0.0,3140314.2646988425,1.0,1.0,1.0,COMPLETE
62,20.62820145598854,2025-10-16 08:25:46.147652,2025-10-16 08:25:46.448568,0 days 00:00:00.300916,0.003282633048173829,0.427426288633542,0.21628459917822768,True,22,0.07916438962539274,2891769.8054181426,0.45454545454545453,0.45454545454545453,0.45454545454545453,COMPLETE
63,7.702411290712876,2025-10-16 08:25:46.449507,2025-10-16 08:25:46.800688,0 days 00:00:00.351181,0.0021215656630557615,0.75456695927985,0.3334078633529735,True,26,0.0,3140314.2646988425,1.0,1.0,1.0,COMPLETE
64,7.702411290712876,2025-10-16 08:25:46.801655,2025-10-16 08:25:47.284793,0 days 00:00:00.483138,0.006370834749726971,0.599541030413235,0.5300932950141273,True,28,0.0,3140314.2646988425,1.0,1.0,1.0,COMPLETE
65,15.22711981069581,2025-10-16 08:25:47.286129,2025-10-16 08:25:47.481999,0 days 00:00:00.195870,0.000942298453875689,0.4410771584938217,0.019469530041028853,True,17,0.045864590548344464,2996293.2650837423,0.5882352941176471,0.5882352941176471,0.5882352941176471,COMPLETE
66,14.313011357733195,2025-10-16 08:25:47.482848,2025-10-16 08:25:47.829941,0 days 00:00:00.347093,0.010810636813485226,0.32755286741446893,0.3913170623642701,True,24,0.04681481872603721,2993357.1474262374,0.75,0.75,0.75,COMPLETE
67,7.702411290712876,2025-10-16 08:25:47.830944,2025-10-16 08:25:48.260223,0 days 00:00:00.429279,0.0047062523582045625,0.770160260950635,0.09247248408398182,False,30,0.0,3140314.2646988425,1.0,1.0,1.0,COMPLETE
68,11.855945615730572,2025-10-16 08:25:48.261192,2025-10-16 08:25:48.566261,0 days 00:00:00.305069,0.00794321899943011,0.5205414779314799,0.1866251326237264,True,27,0.019501086829295744,3079090.4865451236,0.8518518518518519,0.8518518518518519,0.8518518518518519,COMPLETE
69,12.295637474963636,2025-10-16 08:25:48.567272,2025-10-16 08:25:48.840652,0 days 00:00:00.273380,0.017818969878239704,0.03355514389935884,0.7255937916240696,True,19,0.039933639489198036,3014990.701673849,0.7894736842105263,0.7894736842105263,0.7894736842105263,COMPLETE
70,15.826208209385412,2025-10-16 08:25:48.841608,2025-10-16 08:25:49.167153,0 days 00:00:00.325545,0.00020576736449091554,0.01649091002559682,0.0002767469804937398,True,29,0.0730748490688099,2910836.6576151988,0.7586206896551724,0.7586206896551724,0.7586206896551724,COMPLETE
71,7.702411290712876,2025-10-16 08:25:49.168129,2025-10-16 08:25:49.690907,0 days 00:00:00.522778,0.004682374878204598,0.6848942691611007,0.1458748266820725,True,30,0.0,3140314.2646988425,1.0,1.0,1.0,COMPLETE
72,15.80105990989417,2025-10-16 08:25:49.691913,2025-10-16 08:25:50.108761,0 days 00:00:00.416848,0.0004173787186088282,0.0011529544120358283,0.4742058117389902,True,29,0.07194548950033386,2914470.802262339,0.7586206896551724,0.7586206896551724,0.7586206896551724,COMPLETE
73,7.702411290712876,2025-10-16 08:25:50.109759,2025-10-16 08:25:50.632539,0 days 00:00:00.522780,0.01212198336015896,0.5924770559489551,0.32004671210870145,True,30,0.0,3140314.2646988425,1.0,1.0,1.0,COMPLETE
74,12.234489727409514,2025-10-16 08:25:50.633552,2025-10-16 08:25:50.936008,0 days 00:00:00.302456,0.003924637870491414,0.18137310874128393,0.20975580042571393,True,27,0.03706881625445779,3023929.0308205397,0.8518518518518519,0.8518518518518519,0.8518518518518519,COMPLETE
75,13.2527783451824,2025-10-16 08:25:50.936985,2025-10-16 08:25:51.428126,0 days 00:00:00.491141,0.0017514230152006144,0.25331041899224466,0.9605941196159318,True,28,0.040964129248176495,3011777.351882698,0.8214285714285714,0.8214285714285714,0.8214285714285714,COMPLETE
76,7.702411290712876,2025-10-16 08:25:51.429093,2025-10-16 08:25:51.838205,0 days 00:00:00.409112,0.005735743712639571,0.8095296729776793,0.2543165733907181,False,23,0.0,3140314.2646988425,1.0,1.0,1.0,COMPLETE
77,14.261155851513632,2025-10-16 08:25:51.839241,2025-10-16 08:25:52.122591,0 days 00:00:00.283350,0.0027745736834864977,0.37998859145228436,0.047375789114311624,True,25,0.04439817429764348,3000900.885275672,0.76,0.76,0.76,COMPLETE
78,7.702411290712876,2025-10-16 08:25:52.123564,2025-10-16 08:25:52.334422,0 days 00:00:00.210858,0.007562650866769657,0.9846421914280261,0.0811825818579365,True,14,0.0,3140314.2646988425,1.0,1.0,1.0,COMPLETE
79,13.964210118071469,2025-10-16 08:25:52.335399,2025-10-16 08:25:52.660260,0 days 00:00:00.324861,0.013490008791369214,0.5122101209088451,0.11556257048473018,True,29,0.03068064679136795,3043989.1502311467,0.7931034482758621,0.7931034482758621,0.7931034482758621,COMPLETE
80,14.366274363446834,2025-10-16 08:25:52.661254,2025-10-16 08:25:52.952928,0 days 00:00:00.291674,0.042057896376429385,0.3028040815760118,0.0004927029354670193,True,26,0.04941156456771123,2985172.7218151297,0.7692307692307693,0.7692307692307693,0.7692307692307693,COMPLETE
81,7.702411290712876,2025-10-16 08:25:52.953918,2025-10-16 08:25:53.266443,0 days 00:00:00.312525,0.0010935490191139527,0.7752882360303991,0.1615221981850723,True,28,0.0,3140314.2646988425,1.0,1.0,1.0,COMPLETE
82,7.702411290712876,2025-10-16 08:25:53.267430,2025-10-16 08:25:53.699049,0 days 00:00:00.431619,0.0008765424797641972,0.6442067905338374,0.33613658026806575,True,30,0.0,3140314.2646988425,1.0,1.0,1.0,COMPLETE
83,7.702411290712876,2025-10-16 08:25:53.700086,2025-10-16 08:25:54.028557,0 days 00:00:00.328471,0.0005001692734654153,0.9927996049673214,0.72743611174937,True,29,0.0,3140314.2646988425,1.0,1.0,1.0,COMPLETE
84,14.070882233802486,2025-10-16 08:25:54.029583,2025-10-16 08:25:54.434439,0 days 00:00:00.404856,0.0002911864727091217,0.4735026543908035,0.14476478145613322,True,28,0.03562049014876045,3028472.9471961833,0.7857142857142857,0.7857142857142857,0.7857142857142857,COMPLETE
85,7.702411290712876,2025-10-16 08:25:54.435461,2025-10-16 08:25:54.765682,0 days 00:00:00.330221,0.001252971421324456,0.5901916555236231,0.01043457001669746,True,29,0.0,3140314.2646988425,1.0,1.0,1.0,COMPLETE
86,19.616375858762346,2025-10-16 08:25:54.766691,2025-10-16 08:25:55.199698,0 days 00:00:00.433007,0.0099869267603346,0.39529748670369264,0.5002682365106321,True,30,0.07570594317372026,2902688.8775815167,0.6333333333333333,0.6333333333333333,0.6333333333333333,COMPLETE
87,7.702411290712876,2025-10-16 08:25:55.200694,2025-10-16 08:25:55.598780,0 days 00:00:00.398086,0.002090721593835961,0.7984899767324513,0.054377972391540935,False,27,0.0,3140314.2646988425,1.0,1.0,1.0,COMPLETE
